<?xml version="1.0" encoding="UTF-8"?>
<testsuite name="com.marcelocantos.tern.relay.TernConnTest" tests="9" skipped="0" failures="0" errors="0" timestamp="2026-03-23T12:40:34.701Z" hostname="colossus.lan" time="0.041">
  <properties/>
  <testcase name="send and recv raw messages()" classname="com.marcelocantos.tern.relay.TernConnTest" time="0.01"/>
  <testcase name="connect handshake()" classname="com.marcelocantos.tern.relay.TernConnTest" time="0.0"/>
  <testcase name="datagram send and recv with encryption()" classname="com.marcelocantos.tern.relay.TernConnTest" time="0.021"/>
  <testcase name="register handshake without token()" classname="com.marcelocantos.tern.relay.TernConnTest" time="0.0"/>
  <testcase name="close delegates to transport()" classname="com.marcelocantos.tern.relay.TernConnTest" time="0.0"/>
  <testcase name="datagram send and recv raw()" classname="com.marcelocantos.tern.relay.TernConnTest" time="0.001"/>
  <testcase name="register handshake with token()" classname="com.marcelocantos.tern.relay.TernConnTest" time="0.001"/>
  <testcase name="length-prefix framing round-trip()" classname="com.marcelocantos.tern.relay.TernConnTest" time="0.0"/>
  <testcase name="send and recv with encryption()" classname="com.marcelocantos.tern.relay.TernConnTest" time="0.002"/>
  <system-out><![CDATA[]]></system-out>
  <system-err><![CDATA[]]></system-err>
</testsuite>
